<?xml version="1.0" encoding="UTF-8"?>
<!-- Generated by org.testng.reporters.JUnitReportReporter -->
<testsuite hostname="DESKTOP-9UKLL4M" failures="0" tests="1" name="practice.javastream.VegitableShop" time="6.512" errors="0" timestamp="2024-09-26T22:30:00 IST" skipped="0">
  <testcase classname="practice.javastream.VegitableShop" name="verifyVegiableSearch" time="6.512"/>
  <system-out/>
</testsuite> <!-- practice.javastream.VegitableShop -->
