<?xml version="1.0" encoding="UTF-8"?>
<!-- Generated by org.testng.reporters.JUnitReportReporter -->
<testsuite hostname="DESKTOP-4BBKNFN" failures="0" tests="2" name="ecommerce.tests.Ecommerce" time="33.613" errors="0" timestamp="2024-10-15T23:47:41 IST" skipped="0">
  <testcase classname="ecommerce.tests.Ecommerce" name="submitOrder" time="20.059"/>
  <testcase classname="ecommerce.tests.Ecommerce" name="submitOrder" time="13.554"/>
</testsuite> <!-- ecommerce.tests.Ecommerce -->
